Flutter crash report.
Please report a bug at https://github.com/flutter/flutter/issues.

## command

flutter pub get

## exception

ProcessException: ProcessException: Failed to find "C:\Users\gabim\AppData\Local\flutter\bin\cache\dart-sdk\bin\dart" in the search path.
Working directory: "C:\Users\gabim\OneDrive\Escritorio\Projects\Flutter-Inventory-App-master"
pub env: {
  "FLUTTER_ROOT": "C:\Users\gabim\AppData\Local\flutter",
  "PUB_ENVIRONMENT": "vscode.dart-code:flutter_cli:get",
  "PUB_CACHE": "C:\Users\gabim\AppData\Local\Pub\Cache",
}

  Command: C:\Users\gabim\AppData\Local\flutter\bin\cache\dart-sdk\bin\dart 

```
#0      _DefaultPub._runWithRetries (package:flutter_tools/src/dart/pub.dart:424:9)
<asynchronous suspension>
#1      _DefaultPub.get (package:flutter_tools/src/dart/pub.dart:318:5)
<asynchronous suspension>
#2      PackagesGetCommand._runPubGet (package:flutter_tools/src/commands/packages.dart:140:7)
<asynchronous suspension>
#3      PackagesGetCommand.runCommand (package:flutter_tools/src/commands/packages.dart:175:5)
<asynchronous suspension>
#4      FlutterCommand.run.<anonymous closure> (package:flutter_tools/src/runner/flutter_command.dart:1244:27)
<asynchronous suspension>
#5      AppContext.run.<anonymous closure> (package:flutter_tools/src/base/context.dart:150:19)
<asynchronous suspension>
#6      CommandRunner.runCommand (package:args/command_runner.dart:209:13)
<asynchronous suspension>
#7      FlutterCommandRunner.runCommand.<anonymous closure> (package:flutter_tools/src/runner/flutter_command_runner.dart:284:9)
<asynchronous suspension>
#8      AppContext.run.<anonymous closure> (package:flutter_tools/src/base/context.dart:150:19)
<asynchronous suspension>
#9      FlutterCommandRunner.runCommand (package:flutter_tools/src/runner/flutter_command_runner.dart:229:5)
<asynchronous suspension>
#10     run.<anonymous closure>.<anonymous closure> (package:flutter_tools/runner.dart:63:9)
<asynchronous suspension>
#11     AppContext.run.<anonymous closure> (package:flutter_tools/src/base/context.dart:150:19)
<asynchronous suspension>
#12     main (package:flutter_tools/executable.dart:91:3)
<asynchronous suspension>
```

## flutter doctor

```
[☠] Flutter (the doctor check crashed)
    ✗ Due to an error, the doctor check did not complete. If the error message below is not helpful, please let us know about this issue at https://github.com/flutter/flutter/issues.
    ✗ Exception: Could not find directory at C:\Users\gabim\AppData\Local\flutter\bin\cache\dart-sdk/bin/resources/devtools
    • #0      Cache.devToolsVersion (package:flutter_tools/src/cache.dart:384:9)
      #1      _DefaultDoctorValidatorsProvider.validators.<anonymous closure> (package:flutter_tools/src/doctor.dart:126:46)
      #2      FlutterValidator.validate (package:flutter_tools/src/doctor.dart:527:84)
      #3      Doctor.startValidatorTasks.<anonymous closure> (package:flutter_tools/src/doctor.dart:250:72)
      #4      asyncGuard.<anonymous closure> (package:flutter_tools/src/base/async_guard.dart:111:32)
      #5      _rootRun (dart:async/zone.dart:1398:13)
      #6      _CustomZone.run (dart:async/zone.dart:1300:19)
      #7      _runZoned (dart:async/zone.dart:1803:10)
      #8      runZonedGuarded (dart:async/zone.dart:1791:12)
      #9      runZoned (dart:async/zone.dart:1743:12)
      #10     asyncGuard (package:flutter_tools/src/base/async_guard.dart:109:3)
      #11     Doctor.startValidatorTasks (package:flutter_tools/src/doctor.dart:242:9)
      #12     DoctorText._validatorTasks (package:flutter_tools/src/doctor.dart:694:60)
      #13     DoctorText._validatorTasks (package:flutter_tools/src/doctor.dart)
      #14     DoctorText._runDiagnosis (package:flutter_tools/src/doctor.dart:698:53)
      #15     DoctorText.text (package:flutter_tools/src/doctor.dart:690:36)
      #16     DoctorText.text (package:flutter_tools/src/doctor.dart)
      #17     _createLocalCrashReport (package:flutter_tools/runner.dart:211:51)
      #18     _handleToolError (package:flutter_tools/runner.dart:167:31)
      <asynchronous suspension>
      #19     AppContext.run.<anonymous closure> (package:flutter_tools/src/base/context.dart:150:19)
      <asynchronous suspension>
      #20     main (package:flutter_tools/executable.dart:91:3)
      <asynchronous suspension>


[✗] Windows Version (Unable to confirm if installed Windows version is 10 or greater)

[✓] Android toolchain - develop for Android devices (Android SDK version 33.0.0)
    • Android SDK at C:\Users\gabim\AppData\Local\Android\sdk
    • Platform android-33, build-tools 33.0.0
    • Java binary at: C:\Program Files\Android\Android Studio\jre\bin\java
    • Java version OpenJDK Runtime Environment (build 11.0.13+0-b1751.21-8125866)
    • All Android licenses accepted.

[✓] Chrome - develop for the web
    • Chrome at C:\Program Files\Google\Chrome\Application\chrome.exe

[✗] Visual Studio - develop for Windows
    ✗ Visual Studio not installed; this is necessary for Windows development.
      Download at https://visualstudio.microsoft.com/downloads/.
      Please install the "Desktop development with C++" workload, including all of its default components

[✓] Android Studio (version 2021.3)
    • Android Studio at C:\Program Files\Android\Android Studio
    • Flutter plugin can be installed from:
      🔨 https://plugins.jetbrains.com/plugin/9212-flutter
    • Dart plugin can be installed from:
      🔨 https://plugins.jetbrains.com/plugin/6351-dart
    • Java version OpenJDK Runtime Environment (build 11.0.13+0-b1751.21-8125866)

[✓] VS Code (version 1.73.1)
    • VS Code at C:\Users\gabim\AppData\Local\Programs\Microsoft VS Code
    • Flutter extension version 3.52.0

[✓] Connected device (4 available)
    • LM X210 (mobile)  • LMX210709912d • android-arm    • Android 7.1.2 (API 25)
    • Windows (desktop) • windows       • windows-x64    • Microsoft Windows [Versi¢n 10.0.22621.674]
    • Chrome (web)      • chrome        • web-javascript • Google Chrome 107.0.5304.106
    • Edge (web)        • edge          • web-javascript • Microsoft Edge 106.0.1370.47

[!] HTTP Host Availability
    ✗ HTTP host "https://pub.dev/" is not reachable. Reason: An error occurred while checking the HTTP host: Se agotó el tiempo de espera del semáforo.


! Doctor found issues in 4 categories.
```
